Input: arguments read from the command line are /home/kit/ikp/bg5912/work/sims/GRAND/mpitest/sim_storage//inp//6.0/SIM600002.inp 
For inputs the FILE "/home/kit/ikp/bg5912/work/sims/GRAND/mpitest/sim_storage//inp//6.0/SIM600002.inp" will be used

 *******************************************************
 **                                               
 ** You are using the CoREAS V1.4 radio simulation code
 **                                               
 ** PERFORMANCE OPTIMIZED VERSION v1.3           
 **                                               
 **  THIN/CURVED/SLANT/STACKIN/PRESHOWER: 1/0/1/0/0
 **                                               
 ** Please cite the following article:            
 ** T. Huege, M. Ludwig, C.W. James, AIP Conf. Proc.
 ** 1535, 128-132 (2013), doi:10.1063/1.4807534     
 **                                               
 *******************************************************


 ====================================================
 |                                                  |
 |                 S I B Y L L  2.3d                |
 |                                                  |
 |         HADRONIC INTERACTION MONTE CARLO         |
 |                        BY                        |
 |            Eun-Joo AHN, Felix RIEHN              |
 |      R. ENGEL, A. FEDYNITCH, R.S. FLETCHER,      |
 |       T.K. GAISSER, P. LIPARI, T. STANEV         |
 |                                                  |
 | Publication to be cited when using this program: |
 | Eun-Joo AHN et al., Phys.Rev. D80 (2009) 094003  |
 | F. RIEHN et al., Phys.Rev. D102 (2020) 063002    |
 | last modifications: F. Riehn (05/20/2020)        |
 ====================================================

 SIG_AIR_INI: initializing target: (i,A)           1           0 air..
 SIG_AIR_INI: initializing target: (i,A)           2          14 nit..
 SIG_AIR_INI: initializing target: (i,A)           3          16 oxy..
1****************** PYINIT: initialization of PYTHIA routines *****************

 ********************** PYINIT: initialization completed **********************
 

 CoREAS-001600007-000000001: SetShowerAxis zenith=0deg   azimuth=0deg
 CoREAS-001600007-000000001: height of first interaction 2.3e+04m
 CoREAS-001600007-000000001: observation level 2m

 CoREAS-001600007-000000001: x=1.6e-11km , y=-2.8e-05km , z=23km , SlantDepth=48g/cm2 , Time=0.0003s 

 CoREAS: Parameter file /home/kit/ikp/bg5912/work/sims/GRAND/mpitest/sim_storage//inp//6.0/SIM600002.reas successfully imported!
 CoREAS: Antenna list file /home/kit/ikp/bg5912/work/sims/GRAND/mpitest/sim_storage//inp//6.0/SIM600002.list successfully imported!
 CoREAS-001600007-000000001: The following parameters are used for the radio calculation

# CoREAS V1.4 by Tim Huege <tim.huege@kit.edu> with contributions by Marianne Ludwig and Clancy James - parameter file

# parameters setting up the spatial observer configuration:

CoreCoordinateNorth = 0			; in cm
CoreCoordinateWest = 0			; in cm
CoreCoordinateVertical = 200			; in cm

# parameters setting up the temporal observer configuration:

TimeResolution = 2e-10				; in s
AutomaticTimeBoundaries = 4e-07			; 0: off, x: automatic boundaries with width x in s
TimeLowerBoundary = -1				; in s, only if AutomaticTimeBoundaries set to 0
TimeUpperBoundary = 1				; in s, only if AutomaticTimeBoundaries set to 0
ResolutionReductionScale = 0			; 0: off, x: decrease time resolution linearly every x cm in radius

# parameters setting up the simulation functionality:
GroundLevelRefractiveIndex = 1.000312		; specify refractive index at 0 m asl

# event information for Offline simulations:

EventNumber = 1
RunNumber = 600002
GPSSecs = 0
GPSNanoSecs = 0
CoreEastingOffline = 0				; in meters
CoreNorthingOffline = 0				; in meters
CoreVerticalOffline = 0				; in meters
OfflineCoordinateSystem =  Reference                
RotationAngleForMagfieldDeclination = 0.12532		; in degrees
Comment =

# event information for your convenience and backwards compatibility with other software, these values are not used as input parameters for the simulation:

ShowerZenithAngle = 0			; in degrees
ShowerAzimuthAngle = 0		; in degrees, 0: shower propagates to north, 90: to west
PrimaryParticleEnergy = 1.160059875e+15			; in eV
PrimaryParticleType = 14			; as defined in CORSIKA
DepthOfShowerMaximum = -1		; slant depth in g/cm^2
DistanceOfShowerMaximum = -1		; geometrical distance of shower maximum from core in cm
MagneticFieldStrength = 0.5648236565			; in Gauss
MagneticFieldInclinationAngle = 61.60505071		; in degrees, >0: in northern hemisphere, <0: in southern hemisphere
GeomagneticAngle = 28.39494929			; in degrees
CorsikaFilePath = ./
CorsikaParameterFile = SIM600002.inp

Using refractivity lookup table from GDAS-based file.
GDAS-provided refractivity table extends to altitude of 26.2984391 km.
Extrapolating to edge of atmosphere at 112.8292 km using Gladstone-Dale law.

 Tabulated atmosphere inside CoREAS has following parameters
     Minimum height: -999.560882 m
     Maximum height: 112829.2 m
         Resolution: 0.9999999993 m
   Number of points: 113829

 ====================================================
 |                                                  |
 |                 S I B Y L L  2.3d                |
 |                                                  |
 |         HADRONIC INTERACTION MONTE CARLO         |
 |                        BY                        |
 |            Eun-Joo AHN, Felix RIEHN              |
 |      R. ENGEL, A. FEDYNITCH, R.S. FLETCHER,      |
 |       T.K. GAISSER, P. LIPARI, T. STANEV         |
 |                                                  |
 | Publication to be cited when using this program: |
 | Eun-Joo AHN et al., Phys.Rev. D80 (2009) 094003  |
 | F. RIEHN et al., Phys.Rev. D102 (2020) 063002    |
 | last modifications: F. Riehn (05/20/2020)        |
 ====================================================

 ====================================================
 |                                                  |
 |                 S I B Y L L  2.3d                |
 |                                                  |
 |         HADRONIC INTERACTION MONTE CARLO         |
 |                        BY                        |
 |            Eun-Joo AHN, Felix RIEHN              |
 |      R. ENGEL, A. FEDYNITCH, R.S. FLETCHER,      |
 |       T.K. GAISSER, P. LIPARI, T. STANEV         |
 |                                                  |
 | Publication to be cited when using this program: |
 | Eun-Joo AHN et al., Phys.Rev. D80 (2009) 094003  |
 | F. RIEHN et al., Phys.Rev. D102 (2020) 063002    |
 | last modifications: F. Riehn (05/20/2020)        |
 ====================================================

 SIG_AIR_INI: initializing target: (i,A)           1           0 air..
 SIG_AIR_INI: initializing target: (i,A)           1           0 air..
 SIG_AIR_INI: initializing target: (i,A)           2          14 nit..
 SIG_AIR_INI: initializing target: (i,A)           2          14 nit..
 SIG_AIR_INI: initializing target: (i,A)           3          16 oxy..
 SIG_AIR_INI: initializing target: (i,A)           3          16 oxy..
1****************** PYINIT: initialization of PYTHIA routines *****************

 ********************** PYINIT: initialization completed **********************
1****************** PYINIT: initialization of PYTHIA routines *****************

 ********************** PYINIT: initialization completed **********************
 CoREAS: Parameter file /home/kit/ikp/bg5912/work/sims/GRAND/mpitest/sim_storage//inp//6.0/SIM600002.reas successfully imported!
 CoREAS: Antenna list file /home/kit/ikp/bg5912/work/sims/GRAND/mpitest/sim_storage//inp//6.0/SIM600002.list successfully imported!
 CoREAS: Parameter file /home/kit/ikp/bg5912/work/sims/GRAND/mpitest/sim_storage//inp//6.0/SIM600002.reas successfully imported!
 CoREAS: Antenna list file /home/kit/ikp/bg5912/work/sims/GRAND/mpitest/sim_storage//inp//6.0/SIM600002.list successfully imported!
Parallel Task #0 SUCCESSFULLY FINALIZED
Parallel Task #1 SUCCESSFULLY FINALIZED
Parallel Task #3 SUCCESSFULLY FINALIZED
Parallel Task #2 SUCCESSFULLY FINALIZED
